# JRE version: OpenJDK Runtime Environment Temurin-17.0.5+8 (17.0.5+8) (build 17.0.5+8)
# Java VM: OpenJDK 64-Bit Server VM Temurin-17.0.5+8 (17.0.5+8, mixed mode, tiered, compressed oops, compressed class ptrs, parallel gc, windows-amd64)
GC Precious Log:
 CPUs: 4 total, 4 available
 Memory: 7627M
 Large Page Support: Disabled
 NUMA Support: Disabled
 Compressed Oops: Enabled (32-bit)
 Alignments: Space 512K, Generation 512K, Heap 2M
 Heap Min Capacity: 100M
 Heap Initial Capacity: 100M
 Heap Max Capacity: 1G
 Pre-touch: Disabled
 Parallel Workers: 4
Heap:
 PSYoungGen      total 4096K, used 544K [0x00000000eab00000, 0x00000000eb100000, 0x0000000100000000)
  eden space 2048K, 0% used [0x00000000eab00000,0x00000000eab00000,0x00000000ead00000)
  from space 2048K, 26% used [0x00000000eae00000,0x00000000eae88000,0x00000000eb000000)
  to   space 1024K, 0% used [0x00000000eb000000,0x00000000eb000000,0x00000000eb100000)
 ParOldGen       total 276992K, used 275627K [0x00000000c0000000, 0x00000000d0e80000, 0x00000000eab00000)
  object space 276992K, 99% used [0x00000000c0000000,0x00000000d0d2ac68,0x00000000d0e80000)
 Metaspace       used 86877K, committed 88064K, reserved 1130496K
  class space    used 8908K, committed 9408K, reserved 1048576K
GC Heap History (20 events):
Event: 72610.270 GC heap after
{Heap after GC invocations=405 (full 15):
 PSYoungGen      total 5632K, used 544K [0x00000000eab00000, 0x00000000eb180000, 0x0000000100000000)
  eden space 4608K, 0% used [0x00000000eab00000,0x00000000eab00000,0x00000000eaf80000)
  from space 1024K, 53% used [0x00000000eb080000,0x00000000eb108000,0x00000000eb180000)
  to   space 1024K, 0% used [0x00000000eaf80000,0x00000000eaf80000,0x00000000eb080000)
 ParOldGen       total 276992K, used 266242K [0x00000000c0000000, 0x00000000d0e80000, 0x00000000eab00000)
  object space 276992K, 96% used [0x00000000c0000000,0x00000000d0400b98,0x00000000d0e80000)
 Metaspace       used 86778K, committed 87872K, reserved 1130496K
  class space    used 8902K, committed 9344K, reserved 1048576K
}
Event: 72730.881 GC heap before
{Heap before GC invocations=406 (full 15):
 PSYoungGen      total 5632K, used 5108K [0x00000000eab00000, 0x00000000eb180000, 0x0000000100000000)
  eden space 4608K, 99% used [0x00000000eab00000,0x00000000eaf751a0,0x00000000eaf80000)
  from space 1024K, 53% used [0x00000000eb080000,0x00000000eb108000,0x00000000eb180000)
  to   space 1024K, 0% used [0x00000000eaf80000,0x00000000eaf80000,0x00000000eb080000)
 ParOldGen       total 276992K, used 266242K [0x00000000c0000000, 0x00000000d0e80000, 0x00000000eab00000)
  object space 276992K, 96% used [0x00000000c0000000,0x00000000d0400b98,0x00000000d0e80000)
 Metaspace       used 86792K, committed 87872K, reserved 1130496K
  class space    used 8903K, committed 9344K, reserved 1048576K
}
Event: 72730.885 GC heap after
{Heap after GC invocations=406 (full 15):
 PSYoungGen      total 5632K, used 670K [0x00000000eab00000, 0x00000000eb180000, 0x0000000100000000)
  eden space 4608K, 0% used [0x00000000eab00000,0x00000000eab00000,0x00000000eaf80000)
  from space 1024K, 65% used [0x00000000eaf80000,0x00000000eb027b88,0x00000000eb080000)
  to   space 1024K, 0% used [0x00000000eb080000,0x00000000eb080000,0x00000000eb180000)
 ParOldGen       total 276992K, used 266242K [0x00000000c0000000, 0x00000000d0e80000, 0x00000000eab00000)
  object space 276992K, 96% used [0x00000000c0000000,0x00000000d0400b98,0x00000000d0e80000)
 Metaspace       used 86792K, committed 87872K, reserved 1130496K
  class space    used 8903K, committed 9344K, reserved 1048576K
}
Event: 72731.077 GC heap before
{Heap before GC invocations=407 (full 15):
 PSYoungGen      total 5632K, used 5278K [0x00000000eab00000, 0x00000000eb180000, 0x0000000100000000)
  eden space 4608K, 100% used [0x00000000eab00000,0x00000000eaf80000,0x00000000eaf80000)
  from space 1024K, 65% used [0x00000000eaf80000,0x00000000eb027b88,0x00000000eb080000)
  to   space 1024K, 0% used [0x00000000eb080000,0x00000000eb080000,0x00000000eb180000)
 ParOldGen       total 276992K, used 266242K [0x00000000c0000000, 0x00000000d0e80000, 0x00000000eab00000)
  object space 276992K, 96% used [0x00000000c0000000,0x00000000d0400b98,0x00000000d0e80000)
 Metaspace       used 86832K, committed 88000K, reserved 1130496K
  class space    used 8908K, committed 9408K, reserved 1048576K
}
Event: 72731.081 GC heap after
{Heap after GC invocations=407 (full 15):
 PSYoungGen      total 4096K, used 1013K [0x00000000eab00000, 0x00000000eb480000, 0x0000000100000000)
  eden space 3072K, 0% used [0x00000000eab00000,0x00000000eab00000,0x00000000eae00000)
  from space 1024K, 98% used [0x00000000eb080000,0x00000000eb17d4b8,0x00000000eb180000)
  to   space 2560K, 0% used [0x00000000eae00000,0x00000000eae00000,0x00000000eb080000)
 ParOldGen       total 276992K, used 267267K [0x00000000c0000000, 0x00000000d0e80000, 0x00000000eab00000)
  object space 276992K, 96% used [0x00000000c0000000,0x00000000d0500cb0,0x00000000d0e80000)
 Metaspace       used 86832K, committed 88000K, reserved 1130496K
  class space    used 8908K, committed 9408K, reserved 1048576K
}
Event: 72731.111 GC heap before
{Heap before GC invocations=408 (full 15):
 PSYoungGen      total 4096K, used 4085K [0x00000000eab00000, 0x00000000eb480000, 0x0000000100000000)
  eden space 3072K, 100% used [0x00000000eab00000,0x00000000eae00000,0x00000000eae00000)
  from space 1024K, 98% used [0x00000000eb080000,0x00000000eb17d4b8,0x00000000eb180000)
  to   space 2560K, 0% used [0x00000000eae00000,0x00000000eae00000,0x00000000eb080000)
 ParOldGen       total 276992K, used 267267K [0x00000000c0000000, 0x00000000d0e80000, 0x00000000eab00000)
  object space 276992K, 96% used [0x00000000c0000000,0x00000000d0500cb0,0x00000000d0e80000)
 Metaspace       used 86838K, committed 88000K, reserved 1130496K
  class space    used 8908K, committed 9408K, reserved 1048576K
}
Event: 72731.119 GC heap after
{Heap after GC invocations=408 (full 15):
 PSYoungGen      total 5632K, used 2549K [0x00000000eab00000, 0x00000000eb600000, 0x0000000100000000)
  eden space 3072K, 0% used [0x00000000eab00000,0x00000000eab00000,0x00000000eae00000)
  from space 2560K, 99% used [0x00000000eae00000,0x00000000eb07d4b8,0x00000000eb080000)
  to   space 4096K, 0% used [0x00000000eb200000,0x00000000eb200000,0x00000000eb600000)
 ParOldGen       total 276992K, used 268203K [0x00000000c0000000, 0x00000000d0e80000, 0x00000000eab00000)
  object space 276992K, 96% used [0x00000000c0000000,0x00000000d05eacc0,0x00000000d0e80000)
 Metaspace       used 86838K, committed 88000K, reserved 1130496K
  class space    used 8908K, committed 9408K, reserved 1048576K
}
Event: 72731.171 GC heap before
{Heap before GC invocations=409 (full 15):
 PSYoungGen      total 5632K, used 5537K [0x00000000eab00000, 0x00000000eb600000, 0x0000000100000000)
  eden space 3072K, 97% used [0x00000000eab00000,0x00000000eadeb300,0x00000000eae00000)
  from space 2560K, 99% used [0x00000000eae00000,0x00000000eb07d4b8,0x00000000eb080000)
  to   space 4096K, 0% used [0x00000000eb200000,0x00000000eb200000,0x00000000eb600000)
 ParOldGen       total 276992K, used 268203K [0x00000000c0000000, 0x00000000d0e80000, 0x00000000eab00000)
  object space 276992K, 96% used [0x00000000c0000000,0x00000000d05eacc0,0x00000000d0e80000)
 Metaspace       used 86839K, committed 88000K, reserved 1130496K
  class space    used 8908K, committed 9408K, reserved 1048576K
}
Event: 72731.178 GC heap after
{Heap after GC invocations=409 (full 15):
 PSYoungGen      total 6144K, used 4076K [0x00000000eab00000, 0x00000000eb800000, 0x0000000100000000)
  eden space 2048K, 0% used [0x00000000eab00000,0x00000000eab00000,0x00000000ead00000)
  from space 4096K, 99% used [0x00000000eb200000,0x00000000eb5fb130,0x00000000eb600000)
  to   space 5120K, 0% used [0x00000000ead00000,0x00000000ead00000,0x00000000eb200000)
 ParOldGen       total 276992K, used 268563K [0x00000000c0000000, 0x00000000d0e80000, 0x00000000eab00000)
  object space 276992K, 96% used [0x00000000c0000000,0x00000000d0644cc0,0x00000000d0e80000)
 Metaspace       used 86839K, committed 88000K, reserved 1130496K
  class space    used 8908K, committed 9408K, reserved 1048576K
}
Event: 72731.197 GC heap before
{Heap before GC invocations=410 (full 15):
 PSYoungGen      total 6144K, used 6124K [0x00000000eab00000, 0x00000000eb800000, 0x0000000100000000)
  eden space 2048K, 100% used [0x00000000eab00000,0x00000000ead00000,0x00000000ead00000)
  from space 4096K, 99% used [0x00000000eb200000,0x00000000eb5fb130,0x00000000eb600000)
  to   space 5120K, 0% used [0x00000000ead00000,0x00000000ead00000,0x00000000eb200000)
 ParOldGen       total 276992K, used 268563K [0x00000000c0000000, 0x00000000d0e80000, 0x00000000eab00000)
  object space 276992K, 96% used [0x00000000c0000000,0x00000000d0644cc0,0x00000000d0e80000)
 Metaspace       used 86840K, committed 88000K, reserved 1130496K
  class space    used 8908K, committed 9408K, reserved 1048576K
}
Event: 72731.207 GC heap after
{Heap after GC invocations=410 (full 15):
 PSYoungGen      total 7168K, used 5109K [0x00000000eab00000, 0x00000000eb800000, 0x0000000100000000)
  eden space 2048K, 0% used [0x00000000eab00000,0x00000000eab00000,0x00000000ead00000)
  from space 5120K, 99% used [0x00000000ead00000,0x00000000eb1fd7b0,0x00000000eb200000)
  to   space 5632K, 0% used [0x00000000eb280000,0x00000000eb280000,0x00000000eb800000)
 ParOldGen       total 276992K, used 268792K [0x00000000c0000000, 0x00000000d0e80000, 0x00000000eab00000)
  object space 276992K, 97% used [0x00000000c0000000,0x00000000d067e060,0x00000000d0e80000)
 Metaspace       used 86840K, committed 88000K, reserved 1130496K
  class space    used 8908K, committed 9408K, reserved 1048576K
}
Event: 72731.224 GC heap before
{Heap before GC invocations=411 (full 15):
 PSYoungGen      total 7168K, used 7039K [0x00000000eab00000, 0x00000000eb800000, 0x0000000100000000)
  eden space 2048K, 94% used [0x00000000eab00000,0x00000000eace2600,0x00000000ead00000)
  from space 5120K, 99% used [0x00000000ead00000,0x00000000eb1fd7b0,0x00000000eb200000)
  to   space 5632K, 0% used [0x00000000eb280000,0x00000000eb280000,0x00000000eb800000)
 ParOldGen       total 276992K, used 268792K [0x00000000c0000000, 0x00000000d0e80000, 0x00000000eab00000)
  object space 276992K, 97% used [0x00000000c0000000,0x00000000d067e060,0x00000000d0e80000)
 Metaspace       used 86840K, committed 88000K, reserved 1130496K
  class space    used 8908K, committed 9408K, reserved 1048576K
}
Event: 72731.233 GC heap after
{Heap after GC invocations=411 (full 15):
 PSYoungGen      total 6656K, used 5622K [0x00000000eab00000, 0x00000000eba80000, 0x0000000100000000)
  eden space 1024K, 0% used [0x00000000eab00000,0x00000000eab00000,0x00000000eac00000)
  from space 5632K, 99% used [0x00000000eb280000,0x00000000eb7fdb58,0x00000000eb800000)
  to   space 6656K, 0% used [0x00000000eac00000,0x00000000eac00000,0x00000000eb280000)
 ParOldGen       total 276992K, used 269440K [0x00000000c0000000, 0x00000000d0e80000, 0x00000000eab00000)
  object space 276992K, 97% used [0x00000000c0000000,0x00000000d0720188,0x00000000d0e80000)
 Metaspace       used 86840K, committed 88000K, reserved 1130496K
  class space    used 8908K, committed 9408K, reserved 1048576K
}
Event: 72731.254 GC heap before
{Heap before GC invocations=412 (full 15):
 PSYoungGen      total 6656K, used 6646K [0x00000000eab00000, 0x00000000eba80000, 0x0000000100000000)
  eden space 1024K, 100% used [0x00000000eab00000,0x00000000eac00000,0x00000000eac00000)
  from space 5632K, 99% used [0x00000000eb280000,0x00000000eb7fdb58,0x00000000eb800000)
  to   space 6656K, 0% used [0x00000000eac00000,0x00000000eac00000,0x00000000eb280000)
 ParOldGen       total 276992K, used 269440K [0x00000000c0000000, 0x00000000d0e80000, 0x00000000eab00000)
  object space 276992K, 97% used [0x00000000c0000000,0x00000000d0720188,0x00000000d0e80000)
 Metaspace       used 86840K, committed 88000K, reserved 1130496K
  class space    used 8908K, committed 9408K, reserved 1048576K
}
Event: 72731.264 GC heap after
{Heap after GC invocations=412 (full 15):
 PSYoungGen      total 4096K, used 2777K [0x00000000eab00000, 0x00000000eb480000, 0x0000000100000000)
  eden space 1024K, 0% used [0x00000000eab00000,0x00000000eab00000,0x00000000eac00000)
  from space 3072K, 90% used [0x00000000eac00000,0x00000000eaeb6778,0x00000000eaf00000)
  to   space 4096K, 0% used [0x00000000eb080000,0x00000000eb080000,0x00000000eb480000)
 ParOldGen       total 276992K, used 272552K [0x00000000c0000000, 0x00000000d0e80000, 0x00000000eab00000)
  object space 276992K, 98% used [0x00000000c0000000,0x00000000d0a2a188,0x00000000d0e80000)
 Metaspace       used 86840K, committed 88000K, reserved 1130496K
  class space    used 8908K, committed 9408K, reserved 1048576K
}
Event: 72731.275 GC heap before
{Heap before GC invocations=413 (full 15):
 PSYoungGen      total 4096K, used 3801K [0x00000000eab00000, 0x00000000eb480000, 0x0000000100000000)
  eden space 1024K, 100% used [0x00000000eab00000,0x00000000eac00000,0x00000000eac00000)
  from space 3072K, 90% used [0x00000000eac00000,0x00000000eaeb6778,0x00000000eaf00000)
  to   space 4096K, 0% used [0x00000000eb080000,0x00000000eb080000,0x00000000eb480000)
 ParOldGen       total 276992K, used 272552K [0x00000000c0000000, 0x00000000d0e80000, 0x00000000eab00000)
  object space 276992K, 98% used [0x00000000c0000000,0x00000000d0a2a188,0x00000000d0e80000)
 Metaspace       used 86847K, committed 88000K, reserved 1130496K
  class space    used 8908K, committed 9408K, reserved 1048576K
}
Event: 72731.283 GC heap after
{Heap after GC invocations=413 (full 15):
 PSYoungGen      total 3072K, used 1166K [0x00000000eab00000, 0x00000000eb200000, 0x0000000100000000)
  eden space 1536K, 0% used [0x00000000eab00000,0x00000000eab00000,0x00000000eac80000)
  from space 1536K, 75% used [0x00000000eb080000,0x00000000eb1a3a20,0x00000000eb200000)
  to   space 2048K, 0% used [0x00000000eae00000,0x00000000eae00000,0x00000000eb000000)
 ParOldGen       total 276992K, used 274532K [0x00000000c0000000, 0x00000000d0e80000, 0x00000000eab00000)
  object space 276992K, 99% used [0x00000000c0000000,0x00000000d0c19248,0x00000000d0e80000)
 Metaspace       used 86847K, committed 88000K, reserved 1130496K
  class space    used 8908K, committed 9408K, reserved 1048576K
}
Event: 72731.402 GC heap before
{Heap before GC invocations=414 (full 15):
 PSYoungGen      total 3072K, used 2693K [0x00000000eab00000, 0x00000000eb200000, 0x0000000100000000)
  eden space 1536K, 99% used [0x00000000eab00000,0x00000000eac7dcd8,0x00000000eac80000)
  from space 1536K, 75% used [0x00000000eb080000,0x00000000eb1a3a20,0x00000000eb200000)
  to   space 2048K, 0% used [0x00000000eae00000,0x00000000eae00000,0x00000000eb000000)
 ParOldGen       total 276992K, used 274532K [0x00000000c0000000, 0x00000000d0e80000, 0x00000000eab00000)
  object space 276992K, 99% used [0x00000000c0000000,0x00000000d0c19248,0x00000000d0e80000)
 Metaspace       used 86877K, committed 88064K, reserved 1130496K
  class space    used 8908K, committed 9408K, reserved 1048576K
}
Event: 72731.406 GC heap after
{Heap after GC invocations=414 (full 15):
 PSYoungGen      total 4096K, used 544K [0x00000000eab00000, 0x00000000eb100000, 0x0000000100000000)
  eden space 2048K, 0% used [0x00000000eab00000,0x00000000eab00000,0x00000000ead00000)
  from space 2048K, 26% used [0x00000000eae00000,0x00000000eae88000,0x00000000eb000000)
  to   space 1024K, 0% used [0x00000000eb000000,0x00000000eb000000,0x00000000eb100000)
 ParOldGen       total 276992K, used 275627K [0x00000000c0000000, 0x00000000d0e80000, 0x00000000eab00000)
  object space 276992K, 99% used [0x00000000c0000000,0x00000000d0d2ac68,0x00000000d0e80000)
 Metaspace       used 86877K, committed 88064K, reserved 1130496K
  class space    used 8908K, committed 9408K, reserved 1048576K
}
Event: 72731.406 GC heap before
{Heap before GC invocations=415 (full 16):
 PSYoungGen      total 4096K, used 544K [0x00000000eab00000, 0x00000000eb100000, 0x0000000100000000)
  eden space 2048K, 0% used [0x00000000eab00000,0x00000000eab00000,0x00000000ead00000)
  from space 2048K, 26% used [0x00000000eae00000,0x00000000eae88000,0x00000000eb000000)
  to   space 1024K, 0% used [0x00000000eb000000,0x00000000eb000000,0x00000000eb100000)
 ParOldGen       total 276992K, used 275627K [0x00000000c0000000, 0x00000000d0e80000, 0x00000000eab00000)
  object space 276992K, 99% used [0x00000000c0000000,0x00000000d0d2ac68,0x00000000d0e80000)
 Metaspace       used 86877K, committed 88064K, reserved 1130496K
  class space    used 8908K, committed 9408K, reserved 1048576K
}

